<?xml version="1.0" encoding="UTF-8"?>
<coverage generated="1701763690755" clover="3.2.0">
  <project timestamp="1701763690755" name="All files">
    <metrics statements="21" coveredstatements="10" conditionals="6" coveredconditionals="2" methods="4" coveredmethods="2" elements="31" coveredelements="14" complexity="0" loc="21" ncloc="21" packages="1" files="1" classes="1"/>
    <file name="utils.js" path="C:\Users\rasan\TurnerAPI\utils.js">
      <metrics statements="21" coveredstatements="10" conditionals="6" coveredconditionals="2" methods="4" coveredmethods="2"/>
      <line num="5" count="0" type="stmt"/>
      <line num="7" count="0" type="stmt"/>
      <line num="8" count="0" type="stmt"/>
      <line num="9" count="0" type="stmt"/>
      <line num="10" count="0" type="cond" truecount="0" falsecount="4"/>
      <line num="11" count="0" type="stmt"/>
      <line num="15" count="0" type="stmt"/>
      <line num="22" count="4" type="stmt"/>
      <line num="23" count="4" type="stmt"/>
      <line num="25" count="4" type="stmt"/>
      <line num="27" count="4" type="stmt"/>
      <line num="28" count="29" type="cond" truecount="2" falsecount="0"/>
      <line num="30" count="131" type="stmt"/>
      <line num="33" count="8" type="stmt"/>
      <line num="37" count="4" type="stmt"/>
      <line num="38" count="4" type="stmt"/>
      <line num="43" count="0" type="stmt"/>
      <line num="44" count="0" type="stmt"/>
      <line num="45" count="0" type="stmt"/>
      <line num="49" count="0" type="stmt"/>
      <line num="52" count="1" type="stmt"/>
    </file>
  </project>
</coverage>
