{"C:\\Users\\rasan\\TurnerAPI\\utils.js": {"path":"C:\\Users\\rasan\\TurnerAPI\\utils.js","statementMap":{"0":{"start":{"line":5,"column":21},"end":{"line":5,"column":40}},"1":{"start":{"line":7,"column":21},"end":{"line":7,"column":22}},"2":{"start":{"line":8,"column":4},"end":{"line":13,"column":5}},"3":{"start":{"line":8,"column":17},"end":{"line":8,"column":18}},"4":{"start":{"line":9,"column":25},"end":{"line":9,"column":47}},"5":{"start":{"line":10,"column":8},"end":{"line":12,"column":9}},"6":{"start":{"line":11,"column":12},"end":{"line":11,"column":40}},"7":{"start":{"line":15,"column":4},"end":{"line":15,"column":35}},"8":{"start":{"line":22,"column":25},"end":{"line":22,"column":73}},"9":{"start":{"line":23,"column":16},"end":{"line":23,"column":17}},"10":{"start":{"line":25,"column":18},"end":{"line":25,"column":34}},"11":{"start":{"line":27,"column":4},"end":{"line":35,"column":5}},"12":{"start":{"line":28,"column":8},"end":{"line":34,"column":9}},"13":{"start":{"line":30,"column":16},"end":{"line":30,"column":66}},"14":{"start":{"line":33,"column":12},"end":{"line":33,"column":20}},"15":{"start":{"line":37,"column":4},"end":{"line":37,"column":44}},"16":{"start":{"line":38,"column":4},"end":{"line":38,"column":17}},"17":{"start":{"line":43,"column":19},"end":{"line":43,"column":39}},"18":{"start":{"line":44,"column":20},"end":{"line":44,"column":31}},"19":{"start":{"line":45,"column":19},"end":{"line":48,"column":5}},"20":{"start":{"line":49,"column":4},"end":{"line":49,"column":18}},"21":{"start":{"line":52,"column":0},"end":{"line":52,"column":64}}},"fnMap":{"0":{"name":"calculateValue","decl":{"start":{"line":3,"column":9},"end":{"line":3,"column":23}},"loc":{"start":{"line":3,"column":37},"end":{"line":16,"column":1}},"line":3},"1":{"name":"calculateRisk","decl":{"start":{"line":20,"column":9},"end":{"line":20,"column":22}},"loc":{"start":{"line":20,"column":30},"end":{"line":39,"column":1}},"line":20},"2":{"name":"(anonymous_2)","decl":{"start":{"line":29,"column":30},"end":{"line":29,"column":31}},"loc":{"start":{"line":30,"column":16},"end":{"line":30,"column":66}},"line":30},"3":{"name":"createQuote","decl":{"start":{"line":42,"column":9},"end":{"line":42,"column":20}},"loc":{"start":{"line":42,"column":34},"end":{"line":50,"column":1}},"line":42}},"branchMap":{"0":{"loc":{"start":{"line":10,"column":8},"end":{"line":12,"column":9}},"type":"if","locations":[{"start":{"line":10,"column":8},"end":{"line":12,"column":9}},{"start":{},"end":{}}],"line":10},"1":{"loc":{"start":{"line":10,"column":12},"end":{"line":10,"column":45}},"type":"binary-expr","locations":[{"start":{"line":10,"column":12},"end":{"line":10,"column":26}},{"start":{"line":10,"column":30},"end":{"line":10,"column":45}}],"line":10},"2":{"loc":{"start":{"line":28,"column":8},"end":{"line":34,"column":9}},"type":"if","locations":[{"start":{"line":28,"column":8},"end":{"line":34,"column":9}},{"start":{},"end":{}}],"line":28}},"s":{"0":0,"1":0,"2":0,"3":0,"4":0,"5":0,"6":0,"7":0,"8":4,"9":4,"10":4,"11":4,"12":29,"13":131,"14":8,"15":4,"16":4,"17":0,"18":0,"19":0,"20":0,"21":1},"f":{"0":0,"1":4,"2":131,"3":0},"b":{"0":[0,0],"1":[0,0],"2":[8,21]},"_coverageSchema":"1a1c01bbd47fc00a2c39e90264f33305004495a9","hash":"1bdd59870d646b871aa66b39a5c3049981f9a86e"}
}
